<?xml version="1.0" encoding="UTF-8"?>
<testsuite name="pl.success.github.GitHubSpec" tests="3" skipped="0" failures="0" errors="0" timestamp="2020-11-24T19:21:37" hostname="pc6065" time="0.382">
  <properties/>
  <testcase name="should return" classname="pl.success.github.GitHubSpec" time="0.374"/>
  <testcase name="should try to apply" classname="pl.success.github.GitHubSpec" time="0.005"/>
  <testcase name="should try to clear" classname="pl.success.github.GitHubSpec" time="0.003"/>
  <system-out><![CDATA[]]></system-out>
  <system-err><![CDATA[]]></system-err>
</testsuite>
